/Users/willtower/projects/python-learning-studio/venv/lib/python3.13/site-packages/rest_framework_simplejwt/__init__.py:1: UserWarning: pkg_resources is deprecated as an API. See https://setuptools.pypa.io/en/latest/pkg_resources.html. The pkg_resources package is slated for removal as early as 2025-11-30. Refrain from using this package or pin to Setuptools<81.
  from pkg_resources import DistributionNotFound, get_distribution
/Users/willtower/projects/python-learning-studio/venv/lib/python3.13/site-packages/rest_framework_simplejwt/__init__.py:1: UserWarning: pkg_resources is deprecated as an API. See https://setuptools.pypa.io/en/latest/pkg_resources.html. The pkg_resources package is slated for removal as early as 2025-11-30. Refrain from using this package or pin to Setuptools<81.
  from pkg_resources import DistributionNotFound, get_distribution
INFO Watching for file changes with StatReloader
INFO "GET / HTTP/1.1" 200 30982
INFO "GET / HTTP/1.1" 200 30982
INFO "GET /static/css/main.css HTTP/1.1" 200 10252
INFO "GET /static/js/main.js HTTP/1.1" 200 17013
WARNING Unauthorized: /api/v1/notifications/
WARNING "GET /api/v1/notifications/ HTTP/1.1" 401 58
WARNING "GET /static/images/favicon.ico HTTP/1.1" 404 1981
INFO "GET /accounts/signup/ HTTP/1.1" 200 2718
WARNING Not Found: /favicon.ico
WARNING "GET /favicon.ico HTTP/1.1" 404 5225
INFO "GET /admin/ HTTP/1.1" 302 0
INFO "GET /admin/login/?next=/admin/ HTTP/1.1" 200 4173
INFO "GET /static/admin/css/base.css HTTP/1.1" 200 22120
INFO "GET /static/admin/css/dark_mode.css HTTP/1.1" 200 2808
INFO "GET /static/admin/css/nav_sidebar.css HTTP/1.1" 200 2810
INFO "GET /static/admin/js/nav_sidebar.js HTTP/1.1" 200 3063
INFO "GET /static/admin/js/theme.js HTTP/1.1" 200 1653
INFO "GET /static/admin/css/login.css HTTP/1.1" 200 951
INFO "GET /static/admin/css/responsive.css HTTP/1.1" 200 16565
INFO "POST /admin/login/?next=/admin/ HTTP/1.1" 302 0
INFO "GET /admin/ HTTP/1.1" 200 25815
INFO "GET /static/admin/css/dashboard.css HTTP/1.1" 200 441
INFO "GET /static/admin/img/icon-addlink.svg HTTP/1.1" 200 331
INFO "GET /static/admin/img/icon-changelink.svg HTTP/1.1" 200 380
INFO "GET /static/admin/img/icon-viewlink.svg HTTP/1.1" 200 581
INFO "GET /admin/ HTTP/1.1" 200 25815
WARNING Not Found: /django-admin/
WARNING "GET /django-admin/ HTTP/1.1" 404 5231
INFO /Users/willtower/projects/python-learning-studio/learning_community/urls.py changed, reloading.
Performing system checks...

System check identified no issues (0 silenced).
July 07, 2025 - 01:16:58
Django version 5.2.4, using settings 'learning_community.settings.development_minimal'
Starting development server at http://127.0.0.1:8000/
Quit the server with CONTROL-C.

WARNING: This is a development server. Do not use it in a production setting. Use a production WSGI or ASGI server instead.
For more information on production servers see: https://docs.djangoproject.com/en/5.2/howto/deployment/
/Users/willtower/projects/python-learning-studio/venv/lib/python3.13/site-packages/rest_framework_simplejwt/__init__.py:1: UserWarning: pkg_resources is deprecated as an API. See https://setuptools.pypa.io/en/latest/pkg_resources.html. The pkg_resources package is slated for removal as early as 2025-11-30. Refrain from using this package or pin to Setuptools<81.
  from pkg_resources import DistributionNotFound, get_distribution
INFO Watching for file changes with StatReloader
INFO "GET /admin/ HTTP/1.1" 302 0
INFO "GET /django-admin/ HTTP/1.1" 302 0
INFO "GET / HTTP/1.1" 200 34270
INFO "GET /api/v1/notifications/ HTTP/1.1" 200 52
INFO "GET /admin/ HTTP/1.1" 200 25836
INFO "GET /static/wagtailadmin/js/icons.js?v=fab2d1d0 HTTP/1.1" 200 650
INFO "GET /static/wagtailadmin/js/vendor/bootstrap-transition.js?v=fab2d1d0 HTTP/1.1" 200 876
INFO "GET /static/wagtailadmin/js/vendor/bootstrap-modal.js?v=fab2d1d0 HTTP/1.1" 200 3891
INFO "GET /static/wagtailadmin/js/vendor/jquery.datetimepicker.js?v=fab2d1d0 HTTP/1.1" 200 61447
INFO "GET /static/wagtailadmin/js/vendor/jquery-3.6.0.min.js?v=fab2d1d0 HTTP/1.1" 200 89531
INFO "GET /static/wagtailadmin/js/vendor/tag-it.js?v=fab2d1d0 HTTP/1.1" 200 8042
INFO "GET /static/wagtailadmin/js/vendor/jquery-ui-1.13.2.min.js?v=fab2d1d0 HTTP/1.1" 200 254377
INFO "GET /static/wagtailadmin/js/wagtailadmin.js?v=fab2d1d0 HTTP/1.1" 200 11603
INFO "GET /static/wagtailadmin/js/telepath/telepath.js?v=fab2d1d0 HTTP/1.1" 200 4526
INFO "GET /static/wagtailadmin/css/core.css?v=fab2d1d0 HTTP/1.1" 200 276553
INFO "GET /static/wagtailadmin/js/modal-workflow.js?v=fab2d1d0 HTTP/1.1" 200 3754
INFO "GET /static/wagtailadmin/js/privacy-switch.js?v=fab2d1d0 HTTP/1.1" 200 2386
INFO "GET /admin/jsi18n/ HTTP/1.1" 200 3342
INFO "GET /static/wagtailadmin/js/sidebar.js?v=fab2d1d0 HTTP/1.1" 200 43930
INFO "GET /static/wagtailadmin/js/vendor.js?v=fab2d1d0 HTTP/1.1" 200 365435
INFO "GET /static/wagtailadmin/js/core.js?v=fab2d1d0 HTTP/1.1" 200 669369
INFO "GET /admin/sprite/?h=b489757f HTTP/1.1" 200 63586
INFO "GET /static/wagtailadmin/images/favicon.ico?v=fab2d1d0 HTTP/1.1" 200 15406
INFO "GET /admin/pages/2/ HTTP/1.1" 200 62823
INFO "GET /static/wagtailadmin/js/date-time-chooser.js?v=fab2d1d0 HTTP/1.1" 200 3376
INFO "GET /static/wagtailadmin/js/bulk-actions.js?v=fab2d1d0 HTTP/1.1" 200 5549
INFO "GET /admin/sprite/?h=b489757f HTTP/1.1" 200 63586
INFO "GET /admin/jsi18n/ HTTP/1.1" 200 3342
INFO "GET /static/wagtailadmin/images/icons/arrow-down.svg HTTP/1.1" 200 304
INFO "GET /admin/api/main/pages/?child_of=1&for_explorer=1&fields=parent HTTP/1.1" 200 1399
INFO "GET /admin/pages/2/ HTTP/1.1" 200 62823
INFO "GET /admin/sprite/?h=b489757f HTTP/1.1" 200 63586
INFO "GET /admin/jsi18n/ HTTP/1.1" 200 3342
INFO "GET /django-admin/ HTTP/1.1" 200 26445
INFO "GET /accounts/signup/ HTTP/1.1" 302 0
INFO "GET / HTTP/1.1" 200 34270
INFO "GET /api/v1/notifications/ HTTP/1.1" 200 52
WARNING Not Found: /api/schema/swagger-ui/
WARNING "GET /api/schema/swagger-ui/ HTTP/1.1" 404 7299
INFO "GET /api/v1/courses/ HTTP/1.1" 200 14812
INFO "GET /static/rest_framework/css/bootstrap-tweaks.css HTTP/1.1" 200 3426
INFO "GET /static/rest_framework/css/default.css HTTP/1.1" 200 1152
INFO "GET /static/rest_framework/css/prettify.css HTTP/1.1" 200 817
INFO "GET /static/rest_framework/js/ajax-form.js HTTP/1.1" 200 3796
INFO "GET /static/rest_framework/js/csrf.js HTTP/1.1" 200 1793
INFO "GET /static/rest_framework/js/jquery-3.7.1.min.js HTTP/1.1" 200 87533
INFO "GET /static/rest_framework/js/prettify-min.js HTTP/1.1" 200 13632
INFO "GET /static/rest_framework/js/load-ajax-form.js HTTP/1.1" 200 59
INFO "GET /static/rest_framework/js/bootstrap.min.js HTTP/1.1" 200 39680
INFO "GET /static/rest_framework/js/default.js HTTP/1.1" 200 1268
INFO "GET /static/rest_framework/css/bootstrap.min.css HTTP/1.1" 200 121457
INFO "GET /static/rest_framework/img/grid.png HTTP/1.1" 200 1458
INFO "GET / HTTP/1.1" 200 34270
INFO "GET /api/v1/notifications/ HTTP/1.1" 200 52
INFO /Users/willtower/projects/python-learning-studio/learning_community/urls.py changed, reloading.
Performing system checks...

System check identified no issues (0 silenced).
July 07, 2025 - 01:23:07
Django version 5.2.4, using settings 'learning_community.settings.development_minimal'
Starting development server at http://127.0.0.1:8000/
Quit the server with CONTROL-C.

WARNING: This is a development server. Do not use it in a production setting. Use a production WSGI or ASGI server instead.
For more information on production servers see: https://docs.djangoproject.com/en/5.2/howto/deployment/
/Users/willtower/projects/python-learning-studio/venv/lib/python3.13/site-packages/rest_framework_simplejwt/__init__.py:1: UserWarning: pkg_resources is deprecated as an API. See https://setuptools.pypa.io/en/latest/pkg_resources.html. The pkg_resources package is slated for removal as early as 2025-11-30. Refrain from using this package or pin to Setuptools<81.
  from pkg_resources import DistributionNotFound, get_distribution
INFO Watching for file changes with StatReloader
INFO /Users/willtower/projects/python-learning-studio/learning_community/urls.py changed, reloading.
Performing system checks...

System check identified no issues (0 silenced).
July 07, 2025 - 01:28:14
Django version 5.2.4, using settings 'learning_community.settings.development_minimal'
Starting development server at http://127.0.0.1:8000/
Quit the server with CONTROL-C.

WARNING: This is a development server. Do not use it in a production setting. Use a production WSGI or ASGI server instead.
For more information on production servers see: https://docs.djangoproject.com/en/5.2/howto/deployment/
/Users/willtower/projects/python-learning-studio/venv/lib/python3.13/site-packages/rest_framework_simplejwt/__init__.py:1: UserWarning: pkg_resources is deprecated as an API. See https://setuptools.pypa.io/en/latest/pkg_resources.html. The pkg_resources package is slated for removal as early as 2025-11-30. Refrain from using this package or pin to Setuptools<81.
  from pkg_resources import DistributionNotFound, get_distribution
INFO Watching for file changes with StatReloader
ERROR Internal Server Error: /
Traceback (most recent call last):
  File "/Users/willtower/projects/python-learning-studio/venv/lib/python3.13/site-packages/django/template/base.py", line 510, in parse
    compile_func = self.tags[command]
                   ~~~~~~~~~^^^^^^^^^
KeyError: 'image'

During handling of the above exception, another exception occurred:

Traceback (most recent call last):
  File "/Users/willtower/projects/python-learning-studio/venv/lib/python3.13/site-packages/django/core/handlers/exception.py", line 55, in inner
    response = get_response(request)
  File "/Users/willtower/projects/python-learning-studio/venv/lib/python3.13/site-packages/django/core/handlers/base.py", line 220, in _get_response
    response = response.render()
  File "/Users/willtower/projects/python-learning-studio/venv/lib/python3.13/site-packages/django/template/response.py", line 114, in render
    self.content = self.rendered_content
                   ^^^^^^^^^^^^^^^^^^^^^
  File "/Users/willtower/projects/python-learning-studio/venv/lib/python3.13/site-packages/django/template/response.py", line 90, in rendered_content
    template = self.resolve_template(self.template_name)
  File "/Users/willtower/projects/python-learning-studio/venv/lib/python3.13/site-packages/django/template/response.py", line 74, in resolve_template
    return get_template(template, using=self.using)
  File "/Users/willtower/projects/python-learning-studio/venv/lib/python3.13/site-packages/django/template/loader.py", line 15, in get_template
    return engine.get_template(template_name)
           ~~~~~~~~~~~~~~~~~~~^^^^^^^^^^^^^^^
  File "/Users/willtower/projects/python-learning-studio/venv/lib/python3.13/site-packages/django/template/backends/django.py", line 79, in get_template
    return Template(self.engine.get_template(template_name), self)
                    ~~~~~~~~~~~~~~~~~~~~~~~~^^^^^^^^^^^^^^^
  File "/Users/willtower/projects/python-learning-studio/venv/lib/python3.13/site-packages/django/template/engine.py", line 177, in get_template
    template, origin = self.find_template(template_name)
                       ~~~~~~~~~~~~~~~~~~^^^^^^^^^^^^^^^
  File "/Users/willtower/projects/python-learning-studio/venv/lib/python3.13/site-packages/django/template/engine.py", line 159, in find_template
    template = loader.get_template(name, skip=skip)
  File "/Users/willtower/projects/python-learning-studio/venv/lib/python3.13/site-packages/django/template/loaders/cached.py", line 57, in get_template
    template = super().get_template(template_name, skip)
  File "/Users/willtower/projects/python-learning-studio/venv/lib/python3.13/site-packages/django/template/loaders/base.py", line 28, in get_template
    return Template(
        contents,
    ...<2 lines>...
        self.engine,
    )
  File "/Users/willtower/projects/python-learning-studio/venv/lib/python3.13/site-packages/django/template/base.py", line 154, in __init__
    self.nodelist = self.compile_nodelist()
                    ~~~~~~~~~~~~~~~~~~~~~^^
  File "/Users/willtower/projects/python-learning-studio/venv/lib/python3.13/site-packages/django/template/base.py", line 196, in compile_nodelist
    nodelist = parser.parse()
  File "/Users/willtower/projects/python-learning-studio/venv/lib/python3.13/site-packages/django/template/base.py", line 518, in parse
    raise self.error(token, e)
  File "/Users/willtower/projects/python-learning-studio/venv/lib/python3.13/site-packages/django/template/base.py", line 516, in parse
    compiled_result = compile_func(self, token)
  File "/Users/willtower/projects/python-learning-studio/venv/lib/python3.13/site-packages/django/template/loader_tags.py", line 299, in do_extends
    nodelist = parser.parse()
  File "/Users/willtower/projects/python-learning-studio/venv/lib/python3.13/site-packages/django/template/base.py", line 518, in parse
    raise self.error(token, e)
  File "/Users/willtower/projects/python-learning-studio/venv/lib/python3.13/site-packages/django/template/base.py", line 516, in parse
    compiled_result = compile_func(self, token)
  File "/Users/willtower/projects/python-learning-studio/venv/lib/python3.13/site-packages/django/template/loader_tags.py", line 234, in do_block
    nodelist = parser.parse(("endblock",))
  File "/Users/willtower/projects/python-learning-studio/venv/lib/python3.13/site-packages/django/template/base.py", line 518, in parse
    raise self.error(token, e)
  File "/Users/willtower/projects/python-learning-studio/venv/lib/python3.13/site-packages/django/template/base.py", line 516, in parse
    compiled_result = compile_func(self, token)
  File "/Users/willtower/projects/python-learning-studio/venv/lib/python3.13/site-packages/django/template/defaulttags.py", line 962, in do_if
    nodelist = parser.parse(("elif", "else", "endif"))
  File "/Users/willtower/projects/python-learning-studio/venv/lib/python3.13/site-packages/django/template/base.py", line 512, in parse
    self.invalid_block_tag(token, command, parse_until)
    ~~~~~~~~~~~~~~~~~~~~~~^^^^^^^^^^^^^^^^^^^^^^^^^^^^^
  File "/Users/willtower/projects/python-learning-studio/venv/lib/python3.13/site-packages/django/template/base.py", line 567, in invalid_block_tag
    raise self.error(
    ...<8 lines>...
    )
django.template.exceptions.TemplateSyntaxError: Invalid block tag on line 53: 'image', expected 'elif', 'else' or 'endif'. Did you forget to register or load this tag?
ERROR "GET / HTTP/1.1" 500 271763
INFO "GET / HTTP/1.1" 200 23515
INFO "GET / HTTP/1.1" 200 24541
INFO "GET /admin/ HTTP/1.1" 302 0
INFO "GET /admin/! HTTP/1.1" 301 0
WARNING Not Found: /admin/!/
WARNING "GET /admin/!/ HTTP/1.1" 404 3416
INFO "GET /admin/ HTTP/1.1" 200 25836
INFO "GET /admin/jsi18n/ HTTP/1.1" 200 3342
INFO "GET /admin/sprite/?h=b489757f HTTP/1.1" 200 63586
INFO "GET / HTTP/1.1" 200 27798
INFO "GET /api/v1/notifications/ HTTP/1.1" 200 52
INFO "GET / HTTP/1.1" 200 27798
INFO "GET /api/v1/notifications/ HTTP/1.1" 200 52
INFO "GET /admin/ HTTP/1.1" 200 25836
INFO "GET /admin/sprite/?h=b489757f HTTP/1.1" 200 63586
INFO "GET /admin/jsi18n/ HTTP/1.1" 200 3342
INFO "GET /admin/pages/3/ HTTP/1.1" 200 63223
INFO "GET /admin/sprite/?h=b489757f HTTP/1.1" 200 63586
INFO "GET /admin/jsi18n/ HTTP/1.1" 200 3342
INFO "GET /admin/api/main/pages/?child_of=1&for_explorer=1&fields=parent HTTP/1.1" 200 1566
INFO "GET /admin/pages/3/edit/ HTTP/1.1" 200 119838
INFO "GET /static/wagtail_ai/draftail.css?v=fab2d1d0 HTTP/1.1" 200 1742
INFO "GET /static/wagtailadmin/css/panels/streamfield.css?v=fab2d1d0 HTTP/1.1" 200 1079
INFO "GET /static/wagtailembeds/js/embed-chooser-modal.js?v=fab2d1d0 HTTP/1.1" 200 358
INFO "GET /static/wagtailadmin/css/panels/draftail.css?v=fab2d1d0 HTTP/1.1" 200 24204
INFO "GET /static/wagtaildocs/js/document-chooser-modal.js?v=fab2d1d0 HTTP/1.1" 200 2193
INFO "GET /static/wagtailadmin/js/page-chooser-modal.js?v=fab2d1d0 HTTP/1.1" 200 5265
INFO "GET /static/wagtailimages/js/image-chooser-modal.js?v=fab2d1d0 HTTP/1.1" 200 3546
INFO "GET /admin/jsi18n/ HTTP/1.1" 200 3342
INFO "GET /static/wagtailimages/js/image-chooser.js?v=fab2d1d0 HTTP/1.1" 200 2236
INFO "GET /static/wagtailadmin/js/telepath/widgets.js?v=fab2d1d0 HTTP/1.1" 200 8115
INFO "GET /static/wagtail_ai/draftail.js?v=fab2d1d0 HTTP/1.1" 200 13242
INFO "GET /static/wagtailadmin/js/comments.js HTTP/1.1" 200 50463
INFO "GET /static/wagtailimages/js/image-chooser-telepath.js?v=fab2d1d0 HTTP/1.1" 200 2350
INFO "GET /static/wagtailadmin/js/workflow-action.js?v=fab2d1d0 HTTP/1.1" 200 3593
INFO "GET /static/wagtailadmin/js/telepath/blocks.js?v=fab2d1d0 HTTP/1.1" 200 31796
INFO "GET /static/wagtailadmin/js/draftail.js?v=fab2d1d0 HTTP/1.1" 200 294221
INFO "GET /admin/sprite/?h=b489757f HTTP/1.1" 200 63586
INFO "POST /admin/editing-sessions/ping/wagtailcore/page/3/1/ HTTP/1.1" 200 238
INFO "POST /admin/editing-sessions/ping/wagtailcore/page/3/1/ HTTP/1.1" 200 238
INFO "POST /admin/editing-sessions/ping/wagtailcore/page/3/1/ HTTP/1.1" 200 238
INFO "POST /admin/editing-sessions/ping/wagtailcore/page/3/1/ HTTP/1.1" 200 238
INFO "POST /admin/editing-sessions/ping/wagtailcore/page/3/1/ HTTP/1.1" 200 238
INFO "POST /admin/editing-sessions/ping/wagtailcore/page/3/1/ HTTP/1.1" 200 238
INFO "POST /admin/editing-sessions/ping/wagtailcore/page/3/1/ HTTP/1.1" 200 238
INFO "POST /admin/editing-sessions/ping/wagtailcore/page/3/1/ HTTP/1.1" 200 238
INFO "POST /admin/editing-sessions/ping/wagtailcore/page/3/1/ HTTP/1.1" 200 238
INFO "GET /admin/images/ HTTP/1.1" 200 31580
INFO "POST /admin/editing-sessions/release/1/ HTTP/1.1" 200 2
INFO "GET /admin/sprite/?h=b489757f HTTP/1.1" 200 63586
INFO "GET /admin/jsi18n/ HTTP/1.1" 200 3342
INFO "GET /admin/documents/ HTTP/1.1" 200 30502
INFO "GET /admin/sprite/?h=b489757f HTTP/1.1" 200 63586
INFO "GET /admin/jsi18n/ HTTP/1.1" 200 3342
INFO "GET /admin/snippets/ HTTP/1.1" 200 27540
INFO "GET /admin/sprite/?h=b489757f HTTP/1.1" 200 63586
INFO "GET /admin/jsi18n/ HTTP/1.1" 200 3342
INFO "GET /static/wagtailadmin/images/icons/arrow-up.svg HTTP/1.1" 200 310
INFO "PATCH /admin/dismissibles/ HTTP/1.1" 200 70
INFO "PATCH /admin/dismissibles/ HTTP/1.1" 200 70
WARNING Not Found: /admin/pages/2/
WARNING "GET /admin/pages/2/ HTTP/1.1" 404 3416
INFO "GET /admin/pages/3/ HTTP/1.1" 200 63361
INFO "GET /admin/sprite/?h=b489757f HTTP/1.1" 200 63586
INFO "GET /admin/jsi18n/ HTTP/1.1" 200 3342
INFO "GET /admin/ HTTP/1.1" 200 25974
INFO "GET /admin/sprite/?h=b489757f HTTP/1.1" 200 63586
INFO "GET /admin/jsi18n/ HTTP/1.1" 200 3342
INFO "GET /admin/pages/3/ HTTP/1.1" 200 63361
INFO "GET /admin/sprite/?h=b489757f HTTP/1.1" 200 63586
INFO "GET /admin/jsi18n/ HTTP/1.1" 200 3342
INFO "GET / HTTP/1.1" 200 27798
INFO "GET /api/v1/notifications/ HTTP/1.1" 200 52
INFO "GET / HTTP/1.1" 200 24541
INFO "GET / HTTP/1.1" 200 24541
INFO "GET /admin/ HTTP/1.1" 200 25974
INFO "GET /admin/sprite/?h=b489757f HTTP/1.1" 200 63586
INFO "GET /admin/jsi18n/ HTTP/1.1" 200 3342
INFO "GET / HTTP/1.1" 200 27798
INFO "GET /api/v1/notifications/ HTTP/1.1" 200 52
INFO "GET /api/v1/courses/ HTTP/1.1" 200 14812
INFO "GET /static/rest_framework/css/bootstrap-tweaks.css HTTP/1.1" 304 0
INFO "GET /static/rest_framework/css/bootstrap.min.css HTTP/1.1" 304 0
INFO "GET /static/rest_framework/css/prettify.css HTTP/1.1" 304 0
INFO "GET /static/rest_framework/js/prettify-min.js HTTP/1.1" 304 0
INFO "GET /static/rest_framework/js/jquery-3.7.1.min.js HTTP/1.1" 304 0
INFO "GET /static/rest_framework/css/default.css HTTP/1.1" 304 0
INFO "GET /static/rest_framework/js/default.js HTTP/1.1" 304 0
INFO "GET /static/rest_framework/js/csrf.js HTTP/1.1" 304 0
INFO "GET /static/rest_framework/js/bootstrap.min.js HTTP/1.1" 304 0
INFO "GET /static/rest_framework/js/load-ajax-form.js HTTP/1.1" 304 0
INFO "GET /static/rest_framework/js/ajax-form.js HTTP/1.1" 304 0
INFO "GET /static/rest_framework/img/grid.png HTTP/1.1" 304 0
